{
  "RSpec": {
    "coverage": {
      "/Users/juliana/Documents/Projects/nfe_paulista/initialize.rb": [
        1,
        1,
        1,
        null,
        1,
        1
      ],
      "/Users/juliana/Documents/Projects/nfe_paulista/lib/errors/errors.rb": [
        1,
        1,
        1,
        1,
        1,
        1,
        1,
        1,
        1,
        1,
        1,
        1,
        1,
        1,
        null,
        null
      ],
      "/Users/juliana/Documents/Projects/nfe_paulista/lib/detail.rb": [
        1,
        1,
        1,
        null,
        null,
        null,
        null,
        null,
        null,
        null,
        null,
        null,
        null,
        null,
        null,
        null,
        null,
        1,
        null,
        null,
        null,
        null,
        null,
        null,
        null,
        null,
        null,
        null,
        null,
        null,
        null,
        null,
        null,
        null,
        null,
        null,
        null,
        null,
        null,
        null,
        null,
        null,
        null,
        null,
        null,
        null,
        null,
        null,
        null,
        null,
        null,
        null,
        null,
        null,
        null,
        null,
        null,
        1,
        null,
        null,
        null,
        null,
        1,
        28,
        null,
        null,
        1,
        12,
        12,
        2,
        null,
        null,
        null,
        null,
        null,
        null,
        null,
        null,
        null,
        null,
        null,
        null,
        12,
        2,
        null,
        null,
        12,
        null,
        null,
        null
      ],
      "/Users/juliana/Documents/Projects/nfe_paulista/lib/footer.rb": [
        1,
        1,
        1,
        null,
        null,
        null,
        null,
        null,
        1,
        null,
        1,
        null,
        null,
        null,
        1,
        35,
        null,
        null,
        null
      ],
      "/Users/juliana/Documents/Projects/nfe_paulista/lib/header.rb": [
        1,
        1,
        1,
        null,
        null,
        null,
        null,
        null,
        null,
        1,
        null,
        1,
        null,
        null,
        null,
        null,
        null,
        1,
        36,
        null,
        null,
        null
      ],
      "/Users/juliana/Documents/Projects/nfe_paulista/lib/nfe_paulista.rb": [
        1,
        1,
        null,
        null
      ],
      "/Users/juliana/Documents/Projects/nfe_paulista/lib/register.rb": [
        1,
        1,
        1,
        1,
        1,
        1,
        null,
        1,
        null,
        1,
        102,
        1,
        null,
        null,
        101,
        1,
        null,
        null,
        null,
        1,
        102,
        102,
        102,
        102,
        null,
        null,
        1,
        33,
        33,
        null,
        null,
        1,
        265,
        null,
        null,
        1,
        69,
        64,
        null,
        64,
        265,
        258,
        null,
        258,
        255,
        241,
        null,
        3,
        null,
        null,
        7,
        null,
        null,
        null,
        40,
        null,
        null,
        1,
        33,
        null,
        33,
        183,
        183,
        183,
        183,
        null,
        0,
        null,
        null,
        null,
        null,
        1,
        216,
        216,
        5204,
        null,
        null,
        216,
        null,
        null,
        1,
        9,
        9,
        129,
        null,
        null,
        9,
        null,
        null,
        null
      ],
      "/Users/juliana/Documents/Projects/nfe_paulista/lib/rps.rb": [
        1,
        1,
        1,
        null,
        1,
        24,
        24,
        24,
        null,
        null,
        1,
        9,
        6,
        5,
        null,
        null,
        1,
        11,
        11,
        4,
        3,
        null,
        1,
        null,
        null,
        null,
        1,
        4,
        4,
        4,
        2,
        2,
        null,
        null,
        4,
        null,
        null,
        1,
        3,
        null,
        null,
        1,
        3,
        2,
        2,
        2,
        null,
        2,
        null,
        2,
        null,
        1,
        null,
        null,
        null,
        1,
        2,
        1,
        1,
        1,
        null,
        1,
        null,
        null,
        null
      ],
      "/Users/juliana/Documents/Projects/nfe_paulista/lib/rps_field.rb": [
        1,
        1,
        1,
        null,
        1,
        1,
        1,
        1,
        null,
        null,
        1,
        527,
        526,
        525,
        null,
        null,
        1,
        527,
        527,
        527,
        527,
        522,
        522,
        522,
        null,
        null,
        1,
        522,
        null,
        11,
        11,
        null,
        11,
        11,
        null,
        18,
        18,
        null,
        11,
        11,
        null,
        87,
        87,
        null,
        20,
        20,
        null,
        8,
        8,
        null,
        8,
        8,
        null,
        10,
        10,
        null,
        11,
        11,
        null,
        20,
        20,
        null,
        20,
        20,
        null,
        20,
        20,
        null,
        10,
        10,
        null,
        42,
        42,
        null,
        24,
        24,
        24,
        null,
        82,
        82,
        82,
        null,
        10,
        10,
        null,
        17,
        17,
        null,
        12,
        12,
        12,
        null,
        10,
        10,
        null,
        30,
        30,
        30,
        null,
        10,
        10,
        null,
        15,
        15,
        15,
        null,
        2,
        2,
        null,
        null,
        null,
        1,
        13367,
        null,
        3921,
        null,
        9446,
        null,
        null,
        null,
        1,
        500,
        183,
        null,
        317,
        null,
        79,
        null,
        3,
        null,
        235,
        null,
        null,
        null,
        500,
        500,
        null,
        null,
        1,
        454,
        null,
        21,
        3,
        null,
        null,
        30,
        4,
        null,
        null,
        13,
        4,
        null,
        null,
        13,
        3,
        null,
        null,
        13,
        3,
        null,
        null,
        64,
        null,
        null,
        null,
        1,
        79,
        null,
        null,
        1,
        235,
        null,
        null,
        1,
        3,
        null,
        null,
        1,
        7515,
        null,
        null,
        1,
        351,
        6682,
        1960,
        null,
        4722,
        null,
        null,
        null,
        null,
        null
      ]
    },
    "timestamp": 1455825097
  }
}
