{
  "RSpec": {
    "coverage": {
      "/Users/julia.birkett/Documents/developer/nfe_paulista/initialize.rb": [
        1,
        1,
        1,
        null,
        1,
        1
      ],
      "/Users/julia.birkett/Documents/developer/nfe_paulista/lib/errors/errors.rb": [
        1,
        1,
        1,
        1,
        1,
        1,
        1,
        1,
        1,
        1,
        1,
        null,
        null
      ],
      "/Users/julia.birkett/Documents/developer/nfe_paulista/lib/detail.rb": [
        1,
        1,
        1,
        null,
        null,
        null,
        null,
        null,
        null,
        null,
        null,
        null,
        null,
        null,
        null,
        null,
        null,
        1,
        null,
        null,
        null,
        null,
        null,
        null,
        1,
        9,
        null,
        null,
        null
      ],
      "/Users/julia.birkett/Documents/developer/nfe_paulista/lib/detail_field.rb": [
        1,
        1,
        1,
        null,
        null,
        null,
        null,
        null,
        null,
        null,
        null,
        null,
        null,
        null,
        null,
        null,
        null,
        null,
        null,
        null,
        null,
        null,
        null,
        null,
        null,
        null,
        null,
        null,
        null,
        null,
        null,
        null,
        null,
        1,
        34,
        34,
        null,
        null,
        null
      ],
      "/Users/julia.birkett/Documents/developer/nfe_paulista/lib/footer.rb": [
        1,
        1,
        1,
        null,
        null,
        null,
        null,
        null,
        1,
        null,
        null,
        null,
        1,
        22,
        null,
        null,
        null
      ],
      "/Users/julia.birkett/Documents/developer/nfe_paulista/lib/footer_field.rb": [
        1,
        1,
        1,
        null,
        null,
        null,
        null,
        null,
        1,
        0,
        0,
        null,
        null,
        null
      ],
      "/Users/julia.birkett/Documents/developer/nfe_paulista/lib/header.rb": [
        1,
        1,
        1,
        null,
        null,
        null,
        null,
        null,
        null,
        1,
        null,
        null,
        null,
        null,
        null,
        1,
        22,
        null,
        null,
        null
      ],
      "/Users/julia.birkett/Documents/developer/nfe_paulista/lib/header_field.rb": [
        1,
        1,
        1,
        null,
        null,
        null,
        null,
        null,
        null,
        1,
        29,
        29,
        null,
        null,
        null
      ],
      "/Users/julia.birkett/Documents/developer/nfe_paulista/lib/nfe_paulista.rb": [
        1,
        1,
        null,
        null
      ],
      "/Users/julia.birkett/Documents/developer/nfe_paulista/lib/register.rb": [
        1,
        1,
        1,
        1,
        1,
        null,
        1,
        null,
        1,
        53,
        0,
        null,
        null,
        53,
        0,
        null,
        null,
        null,
        1,
        53,
        53,
        53,
        null,
        null,
        1,
        7,
        null,
        null,
        1,
        19,
        17,
        17,
        63,
        null,
        58,
        58,
        53,
        null,
        0,
        null,
        null,
        null,
        7,
        null,
        null,
        null
      ],
      "/Users/julia.birkett/Documents/developer/nfe_paulista/lib/rps.rb": [
        1,
        1,
        1,
        null,
        1,
        22,
        22,
        22,
        null,
        null,
        1,
        10,
        7,
        null,
        null,
        1,
        9,
        0,
        0,
        null,
        null,
        1,
        0,
        0,
        null,
        null,
        1,
        null,
        null,
        1,
        null,
        null,
        null
      ],
      "/Users/julia.birkett/Documents/developer/nfe_paulista/lib/rps_field.rb": [
        1,
        1,
        1,
        1,
        null,
        1,
        1,
        1,
        null,
        null,
        1,
        63,
        63,
        63,
        null,
        null,
        1,
        63,
        63,
        63,
        63,
        63,
        63,
        63,
        null,
        null,
        1,
        63,
        null,
        0,
        null,
        0,
        0,
        null,
        0,
        0,
        null,
        0,
        0,
        null,
        0,
        0,
        null,
        0,
        0,
        null,
        0,
        0,
        null,
        0,
        0,
        null,
        0,
        0,
        null,
        0,
        0,
        null,
        0,
        0,
        null,
        6,
        6,
        null,
        8,
        8,
        null,
        11,
        11,
        11,
        null,
        27,
        27,
        27,
        null,
        0,
        0,
        0,
        null,
        0,
        0,
        0,
        null,
        2,
        2,
        2,
        null,
        0,
        0,
        0,
        null,
        7,
        7,
        7,
        null,
        0,
        0,
        0,
        null,
        null,
        null,
        1,
        58,
        58,
        58,
        21,
        null,
        37,
        37,
        null,
        null,
        58,
        58,
        null,
        null,
        1,
        58,
        null,
        9,
        1,
        null,
        null,
        8,
        1,
        null,
        null,
        7,
        1,
        null,
        null,
        1,
        1,
        null,
        null,
        1,
        1,
        null,
        null,
        23,
        null,
        null,
        null,
        1,
        21,
        null,
        null,
        1,
        37,
        null,
        null,
        1,
        107,
        null,
        null,
        1,
        14,
        35,
        0,
        null,
        35,
        null,
        null,
        null,
        null,
        null
      ]
    },
    "timestamp": 1454635735
  }
}
